This is XeTeX, Version 3.141592653-2.6-0.999996 (TeX Live 2024/Arch Linux) (preloaded format=xelatex 2024.10.2)  12 NOV 2024 23:08
entering extended mode
 restricted \write18 enabled.
 file:line:error style messages enabled.
 %&-line parsing enabled.
**/home/martinjr/Documents/sokol-zpravy/almanach-2024/almanach-2024.tex
(/home/martinjr/Documents/sokol-zpravy/almanach-2024/almanach-2024.tex
LaTeX2e <2023-11-01> patch level 1
L3 programming layer <2024-02-20>
(/usr/share/texmf-dist/tex/latex/base/article.cls
Document Class: article 2023/05/17 v1.4n Standard LaTeX document class
(/usr/share/texmf-dist/tex/latex/base/size11.clo
File: size11.clo 2023/05/17 v1.4n Standard LaTeX file (size option)
)
\c@part=\count184
\c@section=\count185
\c@subsection=\count186
\c@subsubsection=\count187
\c@paragraph=\count188
\c@subparagraph=\count189
\c@figure=\count190
\c@table=\count191
\abovecaptionskip=\skip48
\belowcaptionskip=\skip49
\bibindent=\dimen140
) (/usr/share/texmf-dist/tex/latex/tools/array.sty
Package: array 2023/10/16 v2.5g Tabular extension package (FMi)
\col@sep=\dimen141
\ar@mcellbox=\box51
\extrarowheight=\dimen142
\NC@list=\toks17
\extratabsurround=\skip50
\backup@length=\skip51
\ar@cellbox=\box52
) (/usr/share/texmf-dist/tex/latex/makecell/makecell.sty
Package: makecell 2009/08/03 V0.1e Managing of Tab Column Heads and Cells
\rotheadsize=\dimen143
\c@nlinenum=\count192
\TeXr@lab=\toks18
) (/usr/share/texmf-dist/tex/generic/ulem/ulem.sty
\UL@box=\box53
\UL@hyphenbox=\box54
\UL@skip=\skip52
\UL@hook=\toks19
\UL@height=\dimen144
\UL@pe=\count193
\UL@pixel=\dimen145
\ULC@box=\box55
Package: ulem 2019/11/18
\ULdepth=\dimen146
) (/usr/share/texmf-dist/tex/latex/nowidow/nowidow.sty
Package: nowidow 2011/09/20 1.0 Easily prevent widows and orphans
Package: nowidow 
 (/usr/share/texmf-dist/tex/latex/kvoptions/kvoptions.sty
Package: kvoptions 2022-06-15 v3.15 Key value format for package options (HO)
 (/usr/share/texmf-dist/tex/latex/graphics/keyval.sty
Package: keyval 2022/05/29 v1.15 key=value parser (DPC)
\KV@toks@=\toks20
) (/usr/share/texmf-dist/tex/generic/ltxcmds/ltxcmds.sty
Package: ltxcmds 2023-12-04 v1.26 LaTeX kernel commands for general use (HO)
) (/usr/share/texmf-dist/tex/latex/kvsetkeys/kvsetkeys.sty
Package: kvsetkeys 2022-10-05 v1.19 Key value parser (HO)
))) (/usr/share/texmf-dist/tex/latex/wrapfig/wrapfig.sty
\wrapoverhang=\dimen147
\WF@size=\dimen148
\c@WF@wrappedlines=\count194
\WF@box=\box56
\WF@everypar=\toks21
Package: wrapfig 2003/01/31  v 3.6
) (/usr/share/texmf-dist/tex/latex/enumitem/enumitem.sty
Package: enumitem 2019/06/20 v3.9 Customized lists
\labelindent=\skip53
\enit@outerparindent=\dimen149
\enit@toks=\toks22
\enit@inbox=\box57
\enit@count@id=\count195
\enitdp@description=\count196
) (/usr/share/texmf-dist/tex/latex/tools/multicol.sty
Package: multicol 2023/03/30 v1.9f multicolumn formatting (FMi)
\c@tracingmulticols=\count197
\mult@box=\box58
\multicol@leftmargin=\dimen150
\c@unbalance=\count198
\c@collectmore=\count199
\doublecol@number=\count266
\multicoltolerance=\count267
\multicolpretolerance=\count268
\full@width=\dimen151
\page@free=\dimen152
\premulticols=\dimen153
\postmulticols=\dimen154
\multicolsep=\skip54
\multicolbaselineskip=\skip55
\partial@page=\box59
\last@line=\box60
\mc@boxedresult=\box61
\maxbalancingoverflow=\dimen155
\mult@rightbox=\box62
\mult@grightbox=\box63
\mult@firstbox=\box64
\mult@gfirstbox=\box65
\@tempa=\box66
\@tempa=\box67
\@tempa=\box68
\@tempa=\box69
\@tempa=\box70
\@tempa=\box71
\@tempa=\box72
\@tempa=\box73
\@tempa=\box74
\@tempa=\box75
\@tempa=\box76
\@tempa=\box77
\@tempa=\box78
\@tempa=\box79
\@tempa=\box80
\@tempa=\box81
\@tempa=\box82
\@tempa=\box83
\@tempa=\box84
\@tempa=\box85
\@tempa=\box86
\@tempa=\box87
\@tempa=\box88
\@tempa=\box89
\@tempa=\box90
\@tempa=\box91
\@tempa=\box92
\@tempa=\box93
\@tempa=\box94
\@tempa=\box95
\@tempa=\box96
\@tempa=\box97
\@tempa=\box98
\@tempa=\box99
\@tempa=\box100
\@tempa=\box101
\c@minrows=\count269
\c@columnbadness=\count270
\c@finalcolumnbadness=\count271
\last@try=\dimen156
\multicolovershoot=\dimen157
\multicolundershoot=\dimen158
\mult@nat@firstbox=\box102
\colbreak@box=\box103
\mc@col@check@num=\count272
) (/usr/share/texmf-dist/tex/generic/babel/babel.sty
Package: babel 2024/02/07 v24.2 The Babel package
\babel@savecnt=\count273
\U@D=\dimen159
\l@unhyphenated=\language7
 (/usr/share/texmf-dist/tex/generic/babel/xebabel.def)
\bbl@readstream=\read2
\bbl@dirlevel=\count274
 (/usr/share/texmf-dist/tex/generic/babel-czech/czech.ldf
Language: czech 2008/07/06 v3.1a Czech support from the babel system
Package babel Info: Making " an active character on input line 172.
\cs@wordlen=\count275
Package babel Info: Making - an active character on input line 226.
)) (/usr/share/texmf-dist/tex/generic/babel/locale/cs/babel-czech.tex
Package babel Info: Importing font and identification data for czech
(babel)             from babel-cs.ini. Reported on input line 11.
) (/usr/share/texmf-dist/tex/latex/base/inputenc.sty
Package: inputenc 2021/02/14 v1.3d Input encoding file
\inpenc@prehook=\toks23
\inpenc@posthook=\toks24


Package inputenc Warning: inputenc package ignored with utf8 based engines.

) (/usr/share/texmf-dist/tex/latex/ellipsis/ellipsis.sty
Package: ellipsis 2020/05/22 v1.8 fixes spacing around ellipses (three dots)
 (/usr/share/texmf-dist/tex/latex/tools/xspace.sty
Package: xspace 2014/10/28 v1.13 Space after command names (DPC,MH)
)
LaTeX Info: Redefining \textellipsis on input line 77.
) (/usr/share/texmf-dist/tex/latex/tools/afterpage.sty
Package: afterpage 2023/07/04 v1.08 After-Page Package (DPC)
\AP@output=\toks25
\AP@partial=\box104
\AP@footins=\box105
) (/usr/share/texmf-dist/tex/latex/fontspec/fontspec.sty (/usr/share/texmf-dist/tex/latex/l3packages/xparse/xparse.sty (/usr/share/texmf-dist/tex/latex/l3kernel/expl3.sty
Package: expl3 2024-02-20 L3 programming layer (loader) 
 (/usr/share/texmf-dist/tex/latex/l3backend/l3backend-xetex.def
File: l3backend-xetex.def 2024-02-20 L3 backend support: XeTeX
\g__graphics_track_int=\count276
\l__pdf_internal_box=\box106
\g__pdf_backend_object_int=\count277
\g__pdf_backend_annotation_int=\count278
\g__pdf_backend_link_int=\count279
))
Package: xparse 2024-02-18 L3 Experimental document command parser
)
Package: fontspec 2024/02/13 v2.9a Font selection for XeLaTeX and LuaLaTeX
 (/usr/share/texmf-dist/tex/latex/fontspec/fontspec-xetex.sty
Package: fontspec-xetex 2024/02/13 v2.9a Font selection for XeLaTeX and LuaLaTeX
\l__fontspec_script_int=\count280
\l__fontspec_language_int=\count281
\l__fontspec_strnum_int=\count282
\l__fontspec_tmp_int=\count283
\l__fontspec_tmpa_int=\count284
\l__fontspec_tmpb_int=\count285
\l__fontspec_tmpc_int=\count286
\l__fontspec_em_int=\count287
\l__fontspec_emdef_int=\count288
\l__fontspec_strong_int=\count289
\l__fontspec_strongdef_int=\count290
\l__fontspec_tmpa_dim=\dimen160
\l__fontspec_tmpb_dim=\dimen161
\l__fontspec_tmpc_dim=\dimen162
 (/usr/share/texmf-dist/tex/latex/base/fontenc.sty
Package: fontenc 2021/04/29 v2.0v Standard LaTeX package
) (/usr/share/texmf-dist/tex/latex/fontspec/fontspec.cfg)))

Package fontspec Info: Could not resolve font "Sokol Tyrs/I" (it probably
(fontspec)             doesn't exist).


Package fontspec Info: Font family 'SokolTyrs(0)' created for font 'Sokol
(fontspec)             Tyrs' with options [].
(fontspec)              
(fontspec)              This font family consists of the following NFSS
(fontspec)             series/shapes:
(fontspec)              
(fontspec)             - 'normal' (m/n) with NFSS spec.: <->"Sokol
(fontspec)             Tyrs/OT:script=latn;language=dflt;"
(fontspec)             - 'small caps'  (m/sc) with NFSS spec.: 
(fontspec)             - 'bold' (b/n) with NFSS spec.: <->"Sokol
(fontspec)             Tyrs/B/OT:script=latn;language=dflt;"
(fontspec)             - 'bold small caps'  (b/sc) with NFSS spec.: 
(fontspec)             - 'bold italic' (b/it) with NFSS spec.: <->"Sokol
(fontspec)             Tyrs/BI/OT:script=latn;language=dflt;"
(fontspec)             - 'bold italic small caps'  (b/scit) with NFSS spec.: 


Package fontspec Info: Could not resolve font "Sokol Fugner/BI" (it probably
(fontspec)             doesn't exist).


Package fontspec Info: Could not resolve font "Sokol Fugner/B" (it probably
(fontspec)             doesn't exist).


Package fontspec Info: Could not resolve font "Sokol Fugner/I" (it probably
(fontspec)             doesn't exist).


Package fontspec Info: Font family 'SokolFugner(0)' created for font 'Sokol
(fontspec)             Fugner' with options [].
(fontspec)              
(fontspec)              This font family consists of the following NFSS
(fontspec)             series/shapes:
(fontspec)              
(fontspec)             - 'normal' (m/n) with NFSS spec.: <->"Sokol
(fontspec)             Fugner/OT:script=latn;language=dflt;"
(fontspec)             - 'small caps'  (m/sc) with NFSS spec.: 

 (/usr/share/texmf-dist/tex/latex/anyfontsize/anyfontsize.sty
Invalid UTF-8 byte or sequence at line 3 replaced by U+FFFD.
Invalid UTF-8 byte or sequence at line 3 replaced by U+FFFD.
Package: anyfontsize 2007/11/22 anyfontsize.sty by pts
) (/usr/share/texmf-dist/tex/latex/xcolor/xcolor.sty
Package: xcolor 2023/11/15 v3.01 LaTeX color extensions (UK)
 (/usr/share/texmf-dist/tex/latex/graphics-cfg/color.cfg
File: color.cfg 2016/01/02 v1.6 sample color configuration
)
Package xcolor Info: Driver file: xetex.def on input line 274.
 (/usr/share/texmf-dist/tex/latex/graphics-def/xetex.def
File: xetex.def 2022/09/22 v5.0n Graphics/color driver for xetex
) (/usr/share/texmf-dist/tex/latex/graphics/mathcolor.ltx)
Package xcolor Info: Model `cmy' substituted by `cmy0' on input line 1350.
Package xcolor Info: Model `RGB' extended on input line 1366.
Package xcolor Info: Model `HTML' substituted by `rgb' on input line 1368.
Package xcolor Info: Model `Hsb' substituted by `hsb' on input line 1369.
Package xcolor Info: Model `tHsb' substituted by `hsb' on input line 1370.
Package xcolor Info: Model `HSB' substituted by `hsb' on input line 1371.
Package xcolor Info: Model `Gray' substituted by `gray' on input line 1372.
Package xcolor Info: Model `wave' substituted by `hsb' on input line 1373.
) (/usr/share/texmf-dist/tex/latex/graphics/dvipsnam.def
File: dvipsnam.def 2016/06/17 v3.0m Driver-dependent file (DPC,SPQR)
) (/usr/share/texmf-dist/tex/latex/pgf/frontendlayer/tikz.sty (/usr/share/texmf-dist/tex/latex/pgf/basiclayer/pgf.sty (/usr/share/texmf-dist/tex/latex/pgf/utilities/pgfrcs.sty (/usr/share/texmf-dist/tex/generic/pgf/utilities/pgfutil-common.tex
\pgfutil@everybye=\toks26
\pgfutil@tempdima=\dimen163
\pgfutil@tempdimb=\dimen164
) (/usr/share/texmf-dist/tex/generic/pgf/utilities/pgfutil-latex.def
\pgfutil@abb=\box107
) (/usr/share/texmf-dist/tex/generic/pgf/utilities/pgfrcs.code.tex (/usr/share/texmf-dist/tex/generic/pgf/pgf.revision.tex)
Package: pgfrcs 2023-01-15 v3.1.10 (3.1.10)
))
Package: pgf 2023-01-15 v3.1.10 (3.1.10)
 (/usr/share/texmf-dist/tex/latex/pgf/basiclayer/pgfcore.sty (/usr/share/texmf-dist/tex/latex/graphics/graphicx.sty
Package: graphicx 2021/09/16 v1.2d Enhanced LaTeX Graphics (DPC,SPQR)
 (/usr/share/texmf-dist/tex/latex/graphics/graphics.sty
Package: graphics 2022/03/10 v1.4e Standard LaTeX Graphics (DPC,SPQR)
 (/usr/share/texmf-dist/tex/latex/graphics/trig.sty
Package: trig 2021/08/11 v1.11 sin cos tan (DPC)
) (/usr/share/texmf-dist/tex/latex/graphics-cfg/graphics.cfg
File: graphics.cfg 2016/06/04 v1.11 sample graphics configuration
)
Package graphics Info: Driver file: xetex.def on input line 107.
)
\Gin@req@height=\dimen165
\Gin@req@width=\dimen166
) (/usr/share/texmf-dist/tex/latex/pgf/systemlayer/pgfsys.sty (/usr/share/texmf-dist/tex/generic/pgf/systemlayer/pgfsys.code.tex
Package: pgfsys 2023-01-15 v3.1.10 (3.1.10)
 (/usr/share/texmf-dist/tex/generic/pgf/utilities/pgfkeys.code.tex
\pgfkeys@pathtoks=\toks27
\pgfkeys@temptoks=\toks28
 (/usr/share/texmf-dist/tex/generic/pgf/utilities/pgfkeyslibraryfiltered.code.tex
\pgfkeys@tmptoks=\toks29
))
\pgf@x=\dimen167
\pgf@y=\dimen168
\pgf@xa=\dimen169
\pgf@ya=\dimen170
\pgf@xb=\dimen171
\pgf@yb=\dimen172
\pgf@xc=\dimen173
\pgf@yc=\dimen174
\pgf@xd=\dimen175
\pgf@yd=\dimen176
\w@pgf@writea=\write3
\r@pgf@reada=\read3
\c@pgf@counta=\count291
\c@pgf@countb=\count292
\c@pgf@countc=\count293
\c@pgf@countd=\count294
\t@pgf@toka=\toks30
\t@pgf@tokb=\toks31
\t@pgf@tokc=\toks32
\pgf@sys@id@count=\count295
 (/usr/share/texmf-dist/tex/generic/pgf/systemlayer/pgf.cfg
File: pgf.cfg 2023-01-15 v3.1.10 (3.1.10)
)
Driver file for pgf: pgfsys-xetex.def
 (/usr/share/texmf-dist/tex/generic/pgf/systemlayer/pgfsys-xetex.def
File: pgfsys-xetex.def 2023-01-15 v3.1.10 (3.1.10)
 (/usr/share/texmf-dist/tex/generic/pgf/systemlayer/pgfsys-dvipdfmx.def
File: pgfsys-dvipdfmx.def 2023-01-15 v3.1.10 (3.1.10)
 (/usr/share/texmf-dist/tex/generic/pgf/systemlayer/pgfsys-common-pdf.def
File: pgfsys-common-pdf.def 2023-01-15 v3.1.10 (3.1.10)
)
\pgfsys@objnum=\count296
))) (/usr/share/texmf-dist/tex/generic/pgf/systemlayer/pgfsyssoftpath.code.tex
File: pgfsyssoftpath.code.tex 2023-01-15 v3.1.10 (3.1.10)
\pgfsyssoftpath@smallbuffer@items=\count297
\pgfsyssoftpath@bigbuffer@items=\count298
) (/usr/share/texmf-dist/tex/generic/pgf/systemlayer/pgfsysprotocol.code.tex
File: pgfsysprotocol.code.tex 2023-01-15 v3.1.10 (3.1.10)
)) (/usr/share/texmf-dist/tex/generic/pgf/basiclayer/pgfcore.code.tex
Package: pgfcore 2023-01-15 v3.1.10 (3.1.10)
 (/usr/share/texmf-dist/tex/generic/pgf/math/pgfmath.code.tex (/usr/share/texmf-dist/tex/generic/pgf/math/pgfmathutil.code.tex) (/usr/share/texmf-dist/tex/generic/pgf/math/pgfmathparser.code.tex
\pgfmath@dimen=\dimen177
\pgfmath@count=\count299
\pgfmath@box=\box108
\pgfmath@toks=\toks33
\pgfmath@stack@operand=\toks34
\pgfmath@stack@operation=\toks35
) (/usr/share/texmf-dist/tex/generic/pgf/math/pgfmathfunctions.code.tex) (/usr/share/texmf-dist/tex/generic/pgf/math/pgfmathfunctions.basic.code.tex) (/usr/share/texmf-dist/tex/generic/pgf/math/pgfmathfunctions.trigonometric.code.tex) (/usr/share/texmf-dist/tex/generic/pgf/math/pgfmathfunctions.random.code.tex) (/usr/share/texmf-dist/tex/generic/pgf/math/pgfmathfunctions.comparison.code.tex) (/usr/share/texmf-dist/tex/generic/pgf/math/pgfmathfunctions.base.code.tex) (/usr/share/texmf-dist/tex/generic/pgf/math/pgfmathfunctions.round.code.tex) (/usr/share/texmf-dist/tex/generic/pgf/math/pgfmathfunctions.misc.code.tex) (/usr/share/texmf-dist/tex/generic/pgf/math/pgfmathfunctions.integerarithmetics.code.tex) (/usr/share/texmf-dist/tex/generic/pgf/math/pgfmathcalc.code.tex) (/usr/share/texmf-dist/tex/generic/pgf/math/pgfmathfloat.code.tex
\c@pgfmathroundto@lastzeros=\count300
)) (/usr/share/texmf-dist/tex/generic/pgf/math/pgfint.code.tex) (/usr/share/texmf-dist/tex/generic/pgf/basiclayer/pgfcorepoints.code.tex
File: pgfcorepoints.code.tex 2023-01-15 v3.1.10 (3.1.10)
\pgf@picminx=\dimen178
\pgf@picmaxx=\dimen179
\pgf@picminy=\dimen180
\pgf@picmaxy=\dimen181
\pgf@pathminx=\dimen182
\pgf@pathmaxx=\dimen183
\pgf@pathminy=\dimen184
\pgf@pathmaxy=\dimen185
\pgf@xx=\dimen186
\pgf@xy=\dimen187
\pgf@yx=\dimen188
\pgf@yy=\dimen189
\pgf@zx=\dimen190
\pgf@zy=\dimen191
) (/usr/share/texmf-dist/tex/generic/pgf/basiclayer/pgfcorepathconstruct.code.tex
File: pgfcorepathconstruct.code.tex 2023-01-15 v3.1.10 (3.1.10)
\pgf@path@lastx=\dimen192
\pgf@path@lasty=\dimen193
) (/usr/share/texmf-dist/tex/generic/pgf/basiclayer/pgfcorepathusage.code.tex
File: pgfcorepathusage.code.tex 2023-01-15 v3.1.10 (3.1.10)
\pgf@shorten@end@additional=\dimen194
\pgf@shorten@start@additional=\dimen195
) (/usr/share/texmf-dist/tex/generic/pgf/basiclayer/pgfcorescopes.code.tex
File: pgfcorescopes.code.tex 2023-01-15 v3.1.10 (3.1.10)
\pgfpic=\box109
\pgf@hbox=\box110
\pgf@layerbox@main=\box111
\pgf@picture@serial@count=\count301
) (/usr/share/texmf-dist/tex/generic/pgf/basiclayer/pgfcoregraphicstate.code.tex
File: pgfcoregraphicstate.code.tex 2023-01-15 v3.1.10 (3.1.10)
\pgflinewidth=\dimen196
) (/usr/share/texmf-dist/tex/generic/pgf/basiclayer/pgfcoretransformations.code.tex
File: pgfcoretransformations.code.tex 2023-01-15 v3.1.10 (3.1.10)
\pgf@pt@x=\dimen197
\pgf@pt@y=\dimen198
\pgf@pt@temp=\dimen199
) (/usr/share/texmf-dist/tex/generic/pgf/basiclayer/pgfcorequick.code.tex
File: pgfcorequick.code.tex 2023-01-15 v3.1.10 (3.1.10)
) (/usr/share/texmf-dist/tex/generic/pgf/basiclayer/pgfcoreobjects.code.tex
File: pgfcoreobjects.code.tex 2023-01-15 v3.1.10 (3.1.10)
) (/usr/share/texmf-dist/tex/generic/pgf/basiclayer/pgfcorepathprocessing.code.tex
File: pgfcorepathprocessing.code.tex 2023-01-15 v3.1.10 (3.1.10)
) (/usr/share/texmf-dist/tex/generic/pgf/basiclayer/pgfcorearrows.code.tex
File: pgfcorearrows.code.tex 2023-01-15 v3.1.10 (3.1.10)
\pgfarrowsep=\dimen256
) (/usr/share/texmf-dist/tex/generic/pgf/basiclayer/pgfcoreshade.code.tex
File: pgfcoreshade.code.tex 2023-01-15 v3.1.10 (3.1.10)
\pgf@max=\dimen257
\pgf@sys@shading@range@num=\count302
\pgf@shadingcount=\count303
) (/usr/share/texmf-dist/tex/generic/pgf/basiclayer/pgfcoreimage.code.tex
File: pgfcoreimage.code.tex 2023-01-15 v3.1.10 (3.1.10)
) (/usr/share/texmf-dist/tex/generic/pgf/basiclayer/pgfcoreexternal.code.tex
File: pgfcoreexternal.code.tex 2023-01-15 v3.1.10 (3.1.10)
\pgfexternal@startupbox=\box112
) (/usr/share/texmf-dist/tex/generic/pgf/basiclayer/pgfcorelayers.code.tex
File: pgfcorelayers.code.tex 2023-01-15 v3.1.10 (3.1.10)
) (/usr/share/texmf-dist/tex/generic/pgf/basiclayer/pgfcoretransparency.code.tex
File: pgfcoretransparency.code.tex 2023-01-15 v3.1.10 (3.1.10)
) (/usr/share/texmf-dist/tex/generic/pgf/basiclayer/pgfcorepatterns.code.tex
File: pgfcorepatterns.code.tex 2023-01-15 v3.1.10 (3.1.10)
) (/usr/share/texmf-dist/tex/generic/pgf/basiclayer/pgfcorerdf.code.tex
File: pgfcorerdf.code.tex 2023-01-15 v3.1.10 (3.1.10)
))) (/usr/share/texmf-dist/tex/generic/pgf/modules/pgfmoduleshapes.code.tex
File: pgfmoduleshapes.code.tex 2023-01-15 v3.1.10 (3.1.10)
\pgfnodeparttextbox=\box113
) (/usr/share/texmf-dist/tex/generic/pgf/modules/pgfmoduleplot.code.tex
File: pgfmoduleplot.code.tex 2023-01-15 v3.1.10 (3.1.10)
) (/usr/share/texmf-dist/tex/latex/pgf/compatibility/pgfcomp-version-0-65.sty
Package: pgfcomp-version-0-65 2023-01-15 v3.1.10 (3.1.10)
\pgf@nodesepstart=\dimen258
\pgf@nodesepend=\dimen259
) (/usr/share/texmf-dist/tex/latex/pgf/compatibility/pgfcomp-version-1-18.sty
Package: pgfcomp-version-1-18 2023-01-15 v3.1.10 (3.1.10)
)) (/usr/share/texmf-dist/tex/latex/pgf/utilities/pgffor.sty (/usr/share/texmf-dist/tex/latex/pgf/utilities/pgfkeys.sty (/usr/share/texmf-dist/tex/generic/pgf/utilities/pgfkeys.code.tex)) (/usr/share/texmf-dist/tex/latex/pgf/math/pgfmath.sty (/usr/share/texmf-dist/tex/generic/pgf/math/pgfmath.code.tex)) (/usr/share/texmf-dist/tex/generic/pgf/utilities/pgffor.code.tex
Package: pgffor 2023-01-15 v3.1.10 (3.1.10)
\pgffor@iter=\dimen260
\pgffor@skip=\dimen261
\pgffor@stack=\toks36
\pgffor@toks=\toks37
)) (/usr/share/texmf-dist/tex/generic/pgf/frontendlayer/tikz/tikz.code.tex
Package: tikz 2023-01-15 v3.1.10 (3.1.10)
 (/usr/share/texmf-dist/tex/generic/pgf/libraries/pgflibraryplothandlers.code.tex
File: pgflibraryplothandlers.code.tex 2023-01-15 v3.1.10 (3.1.10)
\pgf@plot@mark@count=\count304
\pgfplotmarksize=\dimen262
)
\tikz@lastx=\dimen263
\tikz@lasty=\dimen264
\tikz@lastxsaved=\dimen265
\tikz@lastysaved=\dimen266
\tikz@lastmovetox=\dimen267
\tikz@lastmovetoy=\dimen268
\tikzleveldistance=\dimen269
\tikzsiblingdistance=\dimen270
\tikz@figbox=\box114
\tikz@figbox@bg=\box115
\tikz@tempbox=\box116
\tikz@tempbox@bg=\box117
\tikztreelevel=\count305
\tikznumberofchildren=\count306
\tikznumberofcurrentchild=\count307
\tikz@fig@count=\count308
 (/usr/share/texmf-dist/tex/generic/pgf/modules/pgfmodulematrix.code.tex
File: pgfmodulematrix.code.tex 2023-01-15 v3.1.10 (3.1.10)
\pgfmatrixcurrentrow=\count309
\pgfmatrixcurrentcolumn=\count310
\pgf@matrix@numberofcolumns=\count311
)
\tikz@expandcount=\count312
 (/usr/share/texmf-dist/tex/generic/pgf/frontendlayer/tikz/libraries/tikzlibrarytopaths.code.tex
File: tikzlibrarytopaths.code.tex 2023-01-15 v3.1.10 (3.1.10)
))) (/usr/share/texmf-dist/tex/generic/pgf/frontendlayer/tikz/libraries/tikzlibrarycalc.code.tex
File: tikzlibrarycalc.code.tex 2023-01-15 v3.1.10 (3.1.10)
) (/usr/share/texmf-dist/tex/latex/csquotes/csquotes.sty
Package: csquotes 2022-09-14 v5.2n context-sensitive quotations (JAW)
 (/usr/share/texmf-dist/tex/latex/etoolbox/etoolbox.sty
Package: etoolbox 2020/10/05 v2.5k e-TeX tools for LaTeX (JAW)
\etb@tempcnta=\count313
)
\csq@reset=\count314
\csq@gtype=\count315
\csq@glevel=\count316
\csq@qlevel=\count317
\csq@maxlvl=\count318
\csq@tshold=\count319
\csq@ltx@everypar=\toks38
 (/usr/share/texmf-dist/tex/latex/csquotes/csquotes.def
File: csquotes.def 2022-09-14 v5.2n csquotes generic definitions (JAW)
)
Package csquotes Info: Trying to load configuration file 'csquotes.cfg'...
Package csquotes Info: ... configuration file loaded successfully.
 (/usr/share/texmf-dist/tex/latex/csquotes/csquotes.cfg
File: csquotes.cfg 
))
Package csquotes Info: Redefining alias 'czech' -> 'german'.
Package csquotes Info: Allocating character ".
 (/usr/share/texmf-dist/tex/latex/ebgaramond/ebgaramond.sty
Package: ebgaramond 2022/09/10 (Bob Tennent and autoinst) Style file for EB Garamond fonts.
 (/usr/share/texmf-dist/tex/generic/iftex/ifxetex.sty
Package: ifxetex 2019/10/25 v0.7 ifxetex legacy package. Use iftex instead.
 (/usr/share/texmf-dist/tex/generic/iftex/iftex.sty
Package: iftex 2022/02/03 v1.0f TeX engine tests
)) (/usr/share/texmf-dist/tex/generic/iftex/ifluatex.sty
Package: ifluatex 2019/10/25 v1.5 ifluatex legacy package. Use iftex instead.
) (/usr/share/texmf-dist/tex/latex/xkeyval/xkeyval.sty
Package: xkeyval 2022/06/16 v2.9 package option processing (HA)
 (/usr/share/texmf-dist/tex/generic/xkeyval/xkeyval.tex (/usr/share/texmf-dist/tex/generic/xkeyval/xkvutils.tex
\XKV@toks=\toks39
\XKV@tempa@toks=\toks40
)
\XKV@depth=\count320
File: xkeyval.tex 2014/12/03 v2.7a key=value parser (HA)
)) (/usr/share/texmf-dist/tex/latex/base/textcomp.sty
Package: textcomp 2020/02/02 v2.0n Standard LaTeX package
)

Package fontspec Info: EBGaramond-Regular scale = 1.


Package fontspec Info: EBGaramond-Italic scale = 1.


Package fontspec Info: EBGaramond-Italic scale = 1.


Package fontspec Info: EBGaramond-BoldItalic scale = 1.


Package fontspec Info: EBGaramond-BoldItalic scale = 1.


Package fontspec Info: EBGaramond-Regular scale = 1.


Package fontspec Info: EBGaramond-Regular scale = 1.


Package fontspec Info: EBGaramond-Bold scale = 1.


Package fontspec Info: EBGaramond-Bold scale = 1.


Package fontspec Info: EBGaramond-Italic scale = 1.


Package fontspec Info: EBGaramond-Italic scale = 1.


Package fontspec Info: EBGaramond-BoldItalic scale = 1.


Package fontspec Info: EBGaramond-BoldItalic scale = 1.


Package fontspec Info: Font family 'EBGaramond(0)' created for font
(fontspec)             'EBGaramond' with options [Ligatures = TeX,Scale =
(fontspec)             1,SmallCapsFeatures={},Extension =
(fontspec)             .otf,Ligatures=TeX,Numbers =
(fontspec)             {Proportional,OldStyle},UprightFont =
(fontspec)             *-Regular,ItalicFont = *-Italic,BoldFont =
(fontspec)             *-Bold,BoldItalicFont =
(fontspec)             *-BoldItalic,FontFace={m}{sw}{Font=*-Italic,Style=Swash},FontFace={b}{sw}{Font=*-BoldItalic,Style=Swash}].
(fontspec)              
(fontspec)              This font family consists of the following NFSS
(fontspec)             series/shapes:
(fontspec)              
(fontspec)             - 'swash' (m/sw) with NFSS spec.:
(fontspec)             <->s*[1]"[EBGaramond-Italic.otf]/OT:script=latn;language=dflt;+pnum;+onum;+swsh;mapping=tex-text;"
(fontspec)             -  (m/scsw) with NFSS spec.:
(fontspec)             <->s*[1]"[EBGaramond-Italic.otf]/OT:script=latn;language=dflt;+pnum;+onum;+swsh;+smcp;mapping=tex-text;"
(fontspec)             - 'bold swash' (b/sw) with NFSS spec.:
(fontspec)             <->s*[1]"[EBGaramond-BoldItalic.otf]/OT:script=latn;language=dflt;+pnum;+onum;+swsh;mapping=tex-text;"
(fontspec)             -  (b/scsw) with NFSS spec.:
(fontspec)             <->s*[1]"[EBGaramond-BoldItalic.otf]/OT:script=latn;language=dflt;+pnum;+onum;+swsh;+smcp;mapping=tex-text;"
(fontspec)             - 'normal' (m/n) with NFSS spec.:
(fontspec)             <->s*[1]"[EBGaramond-Regular.otf]/OT:script=latn;language=dflt;+pnum;+onum;mapping=tex-text;"
(fontspec)             - 'small caps'  (m/sc) with NFSS spec.:
(fontspec)             <->s*[1]"[EBGaramond-Regular.otf]/OT:script=latn;language=dflt;+pnum;+onum;+smcp;mapping=tex-text;"
(fontspec)             - 'bold' (b/n) with NFSS spec.:
(fontspec)             <->s*[1]"[EBGaramond-Bold.otf]/OT:script=latn;language=dflt;+pnum;+onum;mapping=tex-text;"
(fontspec)             - 'bold small caps'  (b/sc) with NFSS spec.:
(fontspec)             <->s*[1]"[EBGaramond-Bold.otf]/OT:script=latn;language=dflt;+pnum;+onum;+smcp;mapping=tex-text;"
(fontspec)             - 'italic' (m/it) with NFSS spec.:
(fontspec)             <->s*[1]"[EBGaramond-Italic.otf]/OT:script=latn;language=dflt;+pnum;+onum;mapping=tex-text;"
(fontspec)             - 'italic small caps'  (m/scit) with NFSS spec.:
(fontspec)             <->s*[1]"[EBGaramond-Italic.otf]/OT:script=latn;language=dflt;+pnum;+onum;+smcp;mapping=tex-text;"
(fontspec)             - 'bold italic' (b/it) with NFSS spec.:
(fontspec)             <->s*[1]"[EBGaramond-BoldItalic.otf]/OT:script=latn;language=dflt;+pnum;+onum;mapping=tex-text;"
(fontspec)             - 'bold italic small caps'  (b/scit) with NFSS spec.:
(fontspec)             <->s*[1]"[EBGaramond-BoldItalic.otf]/OT:script=latn;language=dflt;+pnum;+onum;+smcp;mapping=tex-text;"

LaTeX Font Info:    Font shape `TU/EBGaramond(0)/m/n' will be
(Font)              scaled to size 10.95pt on input line 123.

Package fontspec Info: EBGaramond-Regular scale = 1.


Package fontspec Info: EBGaramond-Regular scale = 1.


Package fontspec Info: EBGaramond-Regular scale = 1.


Package fontspec Info: EBGaramond-Bold scale = 1.


Package fontspec Info: EBGaramond-Bold scale = 1.


Package fontspec Info: EBGaramond-Italic scale = 1.


Package fontspec Info: EBGaramond-Italic scale = 1.


Package fontspec Info: EBGaramond-BoldItalic scale = 1.


Package fontspec Info: EBGaramond-BoldItalic scale = 1.


Package fontspec Info: Font family 'EBGaramond(1)' created for font
(fontspec)             'EBGaramond' with options [Ligatures = TeX,Scale =
(fontspec)             1,SmallCapsFeatures={},Extension = .otf,Numbers =
(fontspec)             {Proportional,OldStyle},UprightFont =
(fontspec)             *-Regular,ItalicFont = *-Italic,BoldFont =
(fontspec)             *-Bold,BoldItalicFont = *-BoldItalic].
(fontspec)              
(fontspec)              This font family consists of the following NFSS
(fontspec)             series/shapes:
(fontspec)              
(fontspec)             - 'normal' (m/n) with NFSS spec.:
(fontspec)             <->s*[1]"[EBGaramond-Regular.otf]/OT:script=latn;language=dflt;+pnum;+onum;mapping=tex-text;"
(fontspec)             - 'small caps'  (m/sc) with NFSS spec.:
(fontspec)             <->s*[1]"[EBGaramond-Regular.otf]/OT:script=latn;language=dflt;+pnum;+onum;+smcp;mapping=tex-text;"
(fontspec)             - 'bold' (b/n) with NFSS spec.:
(fontspec)             <->s*[1]"[EBGaramond-Bold.otf]/OT:script=latn;language=dflt;+pnum;+onum;mapping=tex-text;"
(fontspec)             - 'bold small caps'  (b/sc) with NFSS spec.:
(fontspec)             <->s*[1]"[EBGaramond-Bold.otf]/OT:script=latn;language=dflt;+pnum;+onum;+smcp;mapping=tex-text;"
(fontspec)             - 'italic' (m/it) with NFSS spec.:
(fontspec)             <->s*[1]"[EBGaramond-Italic.otf]/OT:script=latn;language=dflt;+pnum;+onum;mapping=tex-text;"
(fontspec)             - 'italic small caps'  (m/scit) with NFSS spec.:
(fontspec)             <->s*[1]"[EBGaramond-Italic.otf]/OT:script=latn;language=dflt;+pnum;+onum;+smcp;mapping=tex-text;"
(fontspec)             - 'bold italic' (b/it) with NFSS spec.:
(fontspec)             <->s*[1]"[EBGaramond-BoldItalic.otf]/OT:script=latn;language=dflt;+pnum;+onum;mapping=tex-text;"
(fontspec)             - 'bold italic small caps'  (b/scit) with NFSS spec.:
(fontspec)             <->s*[1]"[EBGaramond-BoldItalic.otf]/OT:script=latn;language=dflt;+pnum;+onum;+smcp;mapping=tex-text;"


Missing character: There is no   (U+0020) in font [EBGaramond-Initials.otf]/OT!
Missing character: There is no   (U+0020) in font [EBGaramond-Initials.otf]/OT!

Package fontspec Info: EBGaramond-Initials scale = 1.

Missing character: There is no   (U+0020) in font [EBGaramond-Initials.otf]/OT:language=dflt;!

Package fontspec Info: EBGaramond-Initials scale = 1.


Package fontspec Info: Font family 'EBGaramond-Initials(0)' created for font
(fontspec)             'EBGaramond-Initials' with options [Ligatures =
(fontspec)             TeX,Scale = 1,SmallCapsFeatures={},Extension =
(fontspec)             .otf,BoldFont={},ItalicFont={},SmallCapsFont={}].
(fontspec)              
(fontspec)              This font family consists of the following NFSS
(fontspec)             series/shapes:
(fontspec)              
(fontspec)             - 'normal' (m/n) with NFSS spec.:
(fontspec)             <->s*[1]"[EBGaramond-Initials.otf]/OT:language=dflt;mapping=tex-text;"
(fontspec)             - 'small caps'  (m/sc) with NFSS spec.: 

LaTeX Info: Redefining \oldstylenums on input line 134.
LaTeX Info: Redefining \liningnums on input line 135.
LaTeX Info: Redefining \textsw on input line 169.
) (/usr/share/texmf-dist/tex/latex/caption/caption.sty
Package: caption 2023/08/05 v3.6o Customizing captions (AR)
 (/usr/share/texmf-dist/tex/latex/caption/caption3.sty
Package: caption3 2023/07/31 v2.4d caption3 kernel (AR)
\caption@tempdima=\dimen271
\captionmargin=\dimen272
\caption@leftmargin=\dimen273
\caption@rightmargin=\dimen274
\caption@width=\dimen275
\caption@indent=\dimen276
\caption@parindent=\dimen277
\caption@hangindent=\dimen278
Package caption Info: Standard document class detected.
)
\c@caption@flags=\count321
\c@continuedfloat=\count322
Package caption Info: wrapfig package is loaded.
) (/usr/share/texmf-dist/tex/latex/caption/subcaption.sty
Package: subcaption 2023/07/28 v1.6b Sub-captions (AR)
Package caption Info: New subtype `subfigure' on input line 238.
\c@subfigure=\count323
Package caption Info: New subtype `subtable' on input line 238.
\c@subtable=\count324
) (/usr/share/texmf-dist/tex/latex/tools/longtable.sty
Package: longtable 2023-11-01 v4.19 Multi-page Table package (DPC)
\LTleft=\skip56
\LTright=\skip57
\LTpre=\skip58
\LTpost=\skip59
\LTchunksize=\count325
\LTcapwidth=\dimen279
\LT@head=\box118
\LT@firsthead=\box119
\LT@foot=\box120
\LT@lastfoot=\box121
\LT@gbox=\box122
\LT@cols=\count326
\LT@rows=\count327
\c@LT@tables=\count328
\c@LT@chunks=\count329
\LT@p@ftn=\toks41
) (/usr/share/texmf-dist/tex/latex/titlesec/titlesec.sty
Package: titlesec 2023/10/27 v2.16 Sectioning titles
\ttl@box=\box123
\beforetitleunit=\skip60
\aftertitleunit=\skip61
\ttl@plus=\dimen280
\ttl@minus=\dimen281
\ttl@toksa=\toks42
\titlewidth=\dimen282
\titlewidthlast=\dimen283
\titlewidthfirst=\dimen284
)
Package csquotes Info: Checking for multilingual support...
Package csquotes Info: ... found 'babel' package.
Package csquotes Info: Adjusting default style.
Package csquotes Info: Redefining alias 'default' -> 'czech'.
 (./almanach-2024.aux)
\openout1 = `almanach-2024.aux'.

LaTeX Font Info:    Checking defaults for OML/cmm/m/it on input line 131.
LaTeX Font Info:    ... okay on input line 131.
LaTeX Font Info:    Checking defaults for OMS/cmsy/m/n on input line 131.
LaTeX Font Info:    ... okay on input line 131.
LaTeX Font Info:    Checking defaults for OT1/cmr/m/n on input line 131.
LaTeX Font Info:    ... okay on input line 131.
LaTeX Font Info:    Checking defaults for T1/cmr/m/n on input line 131.
LaTeX Font Info:    ... okay on input line 131.
LaTeX Font Info:    Checking defaults for TS1/cmr/m/n on input line 131.
LaTeX Font Info:    Trying to load font information for TS1+cmr on input line 131.
 (/usr/share/texmf-dist/tex/latex/base/ts1cmr.fd
File: ts1cmr.fd 2023/04/13 v2.5m Standard LaTeX font definitions
)
LaTeX Font Info:    ... okay on input line 131.
LaTeX Font Info:    Checking defaults for TU/lmr/m/n on input line 131.
LaTeX Font Info:    ... okay on input line 131.
LaTeX Font Info:    Checking defaults for OMX/cmex/m/n on input line 131.
LaTeX Font Info:    ... okay on input line 131.
LaTeX Font Info:    Checking defaults for U/cmr/m/n on input line 131.
LaTeX Font Info:    ... okay on input line 131.
LaTeX Info: Redefining \dots on input line 131.

Package fontspec Info: Adjusting the maths setup (use [no-math] to avoid
(fontspec)             this).

\symlegacymaths=\mathgroup4
LaTeX Font Info:    Overwriting symbol font `legacymaths' in version `bold'
(Font)                  OT1/cmr/m/n --> OT1/cmr/bx/n on input line 131.
LaTeX Font Info:    Redeclaring math accent \acute on input line 131.
LaTeX Font Info:    Redeclaring math accent \grave on input line 131.
LaTeX Font Info:    Redeclaring math accent \ddot on input line 131.
LaTeX Font Info:    Redeclaring math accent \tilde on input line 131.
LaTeX Font Info:    Redeclaring math accent \bar on input line 131.
LaTeX Font Info:    Redeclaring math accent \breve on input line 131.
LaTeX Font Info:    Redeclaring math accent \check on input line 131.
LaTeX Font Info:    Redeclaring math accent \hat on input line 131.
LaTeX Font Info:    Redeclaring math accent \dot on input line 131.
LaTeX Font Info:    Redeclaring math accent \mathring on input line 131.
LaTeX Font Info:    Redeclaring math symbol \colon on input line 131.
LaTeX Font Info:    Redeclaring math symbol \Gamma on input line 131.
LaTeX Font Info:    Redeclaring math symbol \Delta on input line 131.
LaTeX Font Info:    Redeclaring math symbol \Theta on input line 131.
LaTeX Font Info:    Redeclaring math symbol \Lambda on input line 131.
LaTeX Font Info:    Redeclaring math symbol \Xi on input line 131.
LaTeX Font Info:    Redeclaring math symbol \Pi on input line 131.
LaTeX Font Info:    Redeclaring math symbol \Sigma on input line 131.
LaTeX Font Info:    Redeclaring math symbol \Upsilon on input line 131.
LaTeX Font Info:    Redeclaring math symbol \Phi on input line 131.
LaTeX Font Info:    Redeclaring math symbol \Psi on input line 131.
LaTeX Font Info:    Redeclaring math symbol \Omega on input line 131.
LaTeX Font Info:    Redeclaring math symbol \mathdollar on input line 131.
LaTeX Font Info:    Redeclaring symbol font `operators' on input line 131.
LaTeX Font Info:    Encoding `OT1' has changed to `TU' for symbol font
(Font)              `operators' in the math version `normal' on input line 131.
LaTeX Font Info:    Overwriting symbol font `operators' in version `normal'
(Font)                  OT1/cmr/m/n --> TU/EBGaramond(0)/m/n on input line 131.
LaTeX Font Info:    Encoding `OT1' has changed to `TU' for symbol font
(Font)              `operators' in the math version `bold' on input line 131.
LaTeX Font Info:    Overwriting symbol font `operators' in version `bold'
(Font)                  OT1/cmr/bx/n --> TU/EBGaramond(0)/m/n on input line 131.
LaTeX Font Info:    Overwriting symbol font `operators' in version `normal'
(Font)                  TU/EBGaramond(0)/m/n --> TU/EBGaramond(0)/m/n on input line 131.
LaTeX Font Info:    Overwriting math alphabet `\mathit' in version `normal'
(Font)                  OT1/cmr/m/it --> TU/EBGaramond(0)/m/it on input line 131.
LaTeX Font Info:    Overwriting math alphabet `\mathbf' in version `normal'
(Font)                  OT1/cmr/bx/n --> TU/EBGaramond(0)/b/n on input line 131.
LaTeX Font Info:    Overwriting math alphabet `\mathsf' in version `normal'
(Font)                  OT1/cmss/m/n --> TU/lmss/m/n on input line 131.
LaTeX Font Info:    Overwriting math alphabet `\mathtt' in version `normal'
(Font)                  OT1/cmtt/m/n --> TU/lmtt/m/n on input line 131.
LaTeX Font Info:    Overwriting symbol font `operators' in version `bold'
(Font)                  TU/EBGaramond(0)/m/n --> TU/EBGaramond(0)/b/n on input line 131.
LaTeX Font Info:    Overwriting math alphabet `\mathit' in version `bold'
(Font)                  OT1/cmr/bx/it --> TU/EBGaramond(0)/b/it on input line 131.
LaTeX Font Info:    Overwriting math alphabet `\mathsf' in version `bold'
(Font)                  OT1/cmss/bx/n --> TU/lmss/b/n on input line 131.
LaTeX Font Info:    Overwriting math alphabet `\mathtt' in version `bold'
(Font)                  OT1/cmtt/m/n --> TU/lmtt/b/n on input line 131.
Package csquotes Info: Redefining character " on input line 131.
Package caption Info: Begin \AtBeginDocument code.
Package caption Info: longtable package is loaded.
 (/usr/share/texmf-dist/tex/latex/caption/ltcaption.sty
Package: ltcaption 2021/01/08 v1.4c longtable captions (AR)
)
Package caption Info: End \AtBeginDocument code.
 [1

] [2

] [3

] [4

]
LaTeX Font Info:    Font shape `TU/EBGaramond(0)/m/n' will be
(Font)              scaled to size 14.4pt on input line 215.
LaTeX Font Info:    Font shape `TU/EBGaramond(0)/b/n' will be
(Font)              scaled to size 14.4pt on input line 215.
 (./almanach-2024.toc
LaTeX Font Info:    Font shape `TU/EBGaramond(0)/b/n' will be
(Font)              scaled to size 10.95pt on input line 2.
LaTeX Font Info:    Font shape `TU/EBGaramond(0)/m/n' will be
(Font)              scaled to size 8.0pt on input line 5.
LaTeX Font Info:    Font shape `TU/EBGaramond(0)/m/n' will be
(Font)              scaled to size 6.0pt on input line 5.
LaTeX Font Info:    External font `cmex10' loaded for size
(Font)              <10.95> on input line 5.
LaTeX Font Info:    External font `cmex10' loaded for size
(Font)              <8> on input line 5.
LaTeX Font Info:    External font `cmex10' loaded for size
(Font)              <6> on input line 5.
 [5


] [6])
\tf@toc=\write4
\openout4 = `almanach-2024.toc'.

 [7] [8

]
LaTeX Font Info:    Font shape `TU/EBGaramond(0)/m/it' will be
(Font)              scaled to size 10.95pt on input line 257.
 [1

]
Overfull \hbox (11.02963pt too wide) in paragraph at lines 266--269
\TU/EBGaramond(0)/m/n/10.95 V roce 2004 si připomínáme 120. výročí založení Tělocvičné jednoty „  Sokol“ v Praze-|
 []


Overfull \hbox (1.15999pt too wide) in paragraph at lines 275--288
\TU/EBGaramond(0)/m/n/10.95 a s obětavým osobním nasazením, započali novou etapu sokolských aktivit v Libni|
 []

[2


]
LaTeX Font Info:    Font shape `TU/EBGaramond(0)/m/n' will be
(Font)              scaled to size 12.0pt on input line 314.
LaTeX Font Info:    Font shape `TU/EBGaramond(0)/b/n' will be
(Font)              scaled to size 12.0pt on input line 314.
LaTeX Font Info:    Font shape `TU/EBGaramond(0)/m/n' will be
(Font)              scaled to size 10.0pt on input line 344.
LaTeX Font Info:    Font shape `TU/EBGaramond(0)/m/it' will be
(Font)              scaled to size 10.0pt on input line 344.


LaTeX Warning: `h' float specifier changed to `ht'.


Underfull \hbox (badness 6995) in paragraph at lines 364--364
[]|\TU/EBGaramond(0)/m/it/10 Dr. František Čížek, zakládající
 []

[3


]

LaTeX Warning: `h' float specifier changed to `ht'.


Underfull \vbox (badness 10000) has occurred while \output is active []

 [4]

LaTeX Warning: `!h' float specifier changed to `!ht'.


Overfull \hbox (2.9687pt too wide) in paragraph at lines 385--386
[]\TU/EBGaramond(0)/m/n/10.95 Vedle pravidelného cvičení od počátku byl pěstován i život společenský. Téměř|
 []


Underfull \vbox (badness 10000) has occurred while \output is active []

 [5]

LaTeX Warning: `!h' float specifier changed to `!ht'.


Underfull \vbox (badness 10000) has occurred while \output is active []

 [6]
Overfull \hbox (2.78056pt too wide) in paragraph at lines 395--396
\TU/EBGaramond(0)/m/n/10.95 skými spolky a organizacemi: spolkem „   Osvěta-Omladina“, s „   Věnceslavem“, který|
 []


Overfull \hbox (2.74773pt too wide) in paragraph at lines 395--396
\TU/EBGaramond(0)/m/n/10.95 1889 tři sokolská závodní družstva s JUDr. Janem Podlipným, přes výslovný osobní|
 []


Underfull \vbox (badness 10000) has occurred while \output is active []

 [7]
Underfull \vbox (badness 5924) has occurred while \output is active []

 [8] [9]
Underfull \vbox (badness 10000) has occurred while \output is active []

 [10]

LaTeX Warning: `!h' float specifier changed to `!ht'.


LaTeX Warning: `!h' float specifier changed to `!ht'.

[11] [12] [13] [14] [15

] [16]

LaTeX Warning: `!h' float specifier changed to `!ht'.


Underfull \vbox (badness 3492) has occurred while \output is active []

 [17]

LaTeX Warning: `!h' float specifier changed to `!ht'.


Overfull \hbox (0.48305pt too wide) in paragraph at lines 603--611
[]\TU/EBGaramond(0)/m/n/10.95 V tomto východním průčelí jsou tři hlavní vchody, kryté oplechovanými mar-|
 []


Underfull \vbox (badness 3323) has occurred while \output is active []

 [18]
Underfull \vbox (badness 8113) has occurred while \output is active []

 [19] [20]

LaTeX Warning: `!h' float specifier changed to `!ht'.


Underfull \vbox (badness 1406) has occurred while \output is active []

 [21]

LaTeX Warning: `!h' float specifier changed to `!ht'.


LaTeX Warning: `!h' float specifier changed to `!ht'.

[22] [23]
Underfull \vbox (badness 10000) has occurred while \output is active []

 [24

] [25]
Underfull \vbox (badness 10000) has occurred while \output is active []

 [26]
Underfull \vbox (badness 10000) has occurred while \output is active []

 [27]

LaTeX Warning: `!h' float specifier changed to `!ht'.


Underfull \vbox (badness 10000) has occurred while \output is active []

 [28]

LaTeX Warning: `!h' float specifier changed to `!ht'.


Underfull \vbox (badness 10000) has occurred while \output is active []

 [29]
Underfull \vbox (badness 4229) has occurred while \output is active []

 [30]
Overfull \hbox (0.53583pt too wide) in paragraph at lines 1023--1038
\TU/EBGaramond(0)/m/n/10.95 se semknul k obraně vlasti. Zejména po násilném obsazení Rakouska dělali Němci|
 []


Underfull \vbox (badness 10000) has occurred while \output is active []

 [31]
Overfull \hbox (4.50533pt too wide) in paragraph at lines 1044--1051
[]\TU/EBGaramond(0)/m/n/10.95 Nácvik sletových skladeb začínal na podzim a pokračoval celou zimu. V dubnu|
 []

[32] [33

] [34]
Underfull \vbox (badness 10000) has occurred while \output is active []

 [35] [36]

LaTeX Warning: `!h' float specifier changed to `!ht'.

[37] [38] [39

]
Overfull \hbox (1.44666pt too wide) in paragraph at lines 1393--1404
[]\TU/EBGaramond(0)/m/n/10.95 230 dorostenek. Ženy jako vždy byly zlatým hřebem sletu, ať to bylo ve skladbě|
 []


Overfull \hbox (1.77878pt too wide) in paragraph at lines 1422--1428
[]\TU/EBGaramond(0)/m/n/10.95 Zvláštním vystoupením mužů byla „  Sokolská všestrannost“. Bylo to současné|
 []

[40] [41]
Overfull \hbox (9.53677pt too wide) in paragraph at lines 1517--1522
\TU/EBGaramond(0)/m/n/10.95 byla jednota přejmenována na Sokol České loděnice. Prvním předsedou byl Dr. Vác-|
 []


Overfull \hbox (1.70673pt too wide) in paragraph at lines 1523--1532
\TU/EBGaramond(0)/m/n/10.95 Dobrovolná sportovní organizace DSO Spartak Libeň Loděnice. Vlastnická práva|
 []


Underfull \vbox (badness 10000) has occurred while \output is active []

 [42] [43]
Overfull \hbox (0.21295pt too wide) in paragraph at lines 1577--1586
[]\TU/EBGaramond(0)/m/n/10.95 Konala se v zapůjčeném malém sále libeňské sokolovny a předcházela jí schůze|
 []


Overfull \hbox (1.75494pt too wide) in paragraph at lines 1577--1586
\TU/EBGaramond(0)/m/n/10.95 sokolských žen v Karlíně. Schůzi v Libni zahájil br. Jirák přivítáním členů, zejména|
 []


Overfull \hbox (1.1722pt too wide) in paragraph at lines 1597--1603
[]\TU/EBGaramond(0)/m/n/10.95 V libeňském přípravném výboru Sokola (PV) byli zpočátku bratři Jirák, Kodl,|
 []


Underfull \vbox (badness 3514) has occurred while \output is active []

 [44

]
Underfull \vbox (badness 10000) has occurred while \output is active []

 [45]
Underfull \vbox (badness 10000) has occurred while \output is active []

 [46]
Underfull \vbox (badness 10000) has occurred while \output is active []

 [47]
Overfull \hbox (0.29495pt too wide) in paragraph at lines 1777--1791
\TU/EBGaramond(0)/m/n/10.95 1972, bylo 7 dobrých, zkušených a hlavně velmi pracovitých sokolů. Manželé Hau-|
 []


Underfull \vbox (badness 4120) has occurred while \output is active []

 [48]
Overfull \hbox (1.6109pt too wide) in paragraph at lines 1835--1839
[]\TU/EBGaramond(0)/m/n/10.95 V divadle S. K. Neumanna v Libni (dnešní divadlo Pod Palmovkou, kde v hos-|
 []


Underfull \vbox (badness 10000) has occurred while \output is active []

 [49] [50] [51

] [52]
Underfull \vbox (badness 4120) has occurred while \output is active []

 [53]
Overfull \hbox (2.35843pt too wide) in paragraph at lines 2087--2090
[]\TU/EBGaramond(0)/m/n/10.95 Sametová revoluce v roce 1989 ukončila činnost odboru ZRTV a všichni dobří|
 []

[54] [55

] [56

]
Underfull \vbox (badness 10000) has occurred while \output is active []

 [57]
Underfull \vbox (badness 10000) has occurred while \output is active []

 [58]
Underfull \vbox (badness 10000) has occurred while \output is active []

 [59]
Overfull \hbox (0.6928pt too wide) in paragraph at lines 2234--2244
\TU/EBGaramond(0)/m/n/10.95 disciplíny atletiky. Startovní bloky, doskočiště, atletický ovál, konstrukce na kruhy|
 []


Underfull \vbox (badness 10000) has occurred while \output is active []

 [60]
Underfull \vbox (badness 10000) has occurred while \output is active []

 [61]
Underfull \vbox (badness 10000) has occurred while \output is active []

 [62]
Underfull \vbox (badness 10000) has occurred while \output is active []

 [63] [64] [65

]
Underfull \vbox (badness 10000) has occurred while \output is active []

 [66] [67]
Underfull \vbox (badness 3333) has occurred while \output is active []

 [68


]

LaTeX Warning: `!h' float specifier changed to `!ht'.


Overfull \hbox (7.52272pt too wide) in paragraph at lines 2690--2690
[]|\TU/EBGaramond(0)/b/n/10.95 Max. |
 []


Overfull \hbox (5.05898pt too wide) in paragraph at lines 2690--2690
\TU/EBGaramond(0)/b/n/10.95 hod.|  |
 []


Overfull \hbox (0.79935pt too wide) in paragraph at lines 2697--2697
[]|\TU/EBGaramond(0)/m/n/10.95 2000/2001|  |
 []


Overfull \hbox (0.97455pt too wide) in paragraph at lines 2699--2699
[]|\TU/EBGaramond(0)/m/n/10.95 2002/2003|  |
 []


Overfull \hbox (1.54395pt too wide) in paragraph at lines 2700--2700
[]|\TU/EBGaramond(0)/m/n/10.95 2003/2004|  |
 []


Overfull \hbox (1.4016pt too wide) in paragraph at lines 2701--2701
[]|\TU/EBGaramond(0)/m/n/10.95 2004/2005|  |
 []


Overfull \hbox (1.36876pt too wide) in paragraph at lines 2702--2702
[]|\TU/EBGaramond(0)/m/n/10.95 2005/2006|  |
 []


Overfull \hbox (2.4747pt too wide) in paragraph at lines 2703--2703
[]|\TU/EBGaramond(0)/m/n/10.95 2006/2007|  |
 []


Overfull \hbox (2.06955pt too wide) in paragraph at lines 2704--2704
[]|\TU/EBGaramond(0)/m/n/10.95 2007/2008|  |
 []


Overfull \hbox (2.13525pt too wide) in paragraph at lines 2705--2705
[]|\TU/EBGaramond(0)/m/n/10.95 2008/2009|  |
 []

[69] [70]
Overfull \hbox (1.41548pt too wide) in paragraph at lines 2723--2737
\TU/EBGaramond(0)/m/n/10.95 trojboj, Švihklikvis, Posilování, Šplh, Člunkový běh, různé Házení míče, Přeskoky|
 []

[71]

LaTeX Warning: `!h' float specifier changed to `!ht'.


Overfull \hbox (10.73962pt too wide) in paragraph at lines 2769--2769
[]|\TU/EBGaramond(0)/b/n/10.95 Počet |
 []


Overfull \hbox (18.63458pt too wide) in paragraph at lines 2769--2769
\TU/EBGaramond(0)/b/n/10.95 z Libně|  |
 []


Overfull \hbox (10.73962pt too wide) in paragraph at lines 2769--2770
[]|\TU/EBGaramond(0)/b/n/10.95 Počet |
 []


Overfull \hbox (18.63458pt too wide) in paragraph at lines 2769--2770
\TU/EBGaramond(0)/b/n/10.95 z Libně|  |
 []


Underfull \vbox (badness 3525) has occurred while \output is active []

 [72] [73] [74]
Underfull \hbox (badness 1540) in paragraph at lines 2816--2816
[]|\TU/EBGaramond(0)/m/it/10.95 Podzimní Výlet Libeňského Sokola (a sraz v přírodě pražského třížupí) 2012,
 []


LaTeX Warning: `!h' float specifier changed to `!ht'.

[75] [76] [77]

LaTeX Warning: `!h' float specifier changed to `!ht'.


Underfull \vbox (badness 10000) has occurred while \output is active []

 [78]

LaTeX Warning: `!h' float specifier changed to `!ht'.

[79] [80]

LaTeX Warning: `!h' float specifier changed to `!ht'.


Underfull \vbox (badness 1533) has occurred while \output is active []

 [81]
Overfull \hbox (3.64198pt too wide) in paragraph at lines 3079--3108
\TU/EBGaramond(0)/m/n/10.95 v době působení oddílu sportovní gymnastiky jsme obdivovali jejich umění, pouze|
 []

[82] [83]
Underfull \vbox (badness 5607) has occurred while \output is active []

 [84]

LaTeX Warning: `!h' float specifier changed to `!ht'.


Underfull \vbox (badness 1210) has occurred while \output is active []

 [85]
Underfull \vbox (badness 10000) has occurred while \output is active []

 [86]
Underfull \vbox (badness 10000) has occurred while \output is active []

 [87] [88]
Overfull \hbox (5.36084pt too wide) in paragraph at lines 3360--3360
[]|\TU/EBGaramond(0)/b/n/10.95 Ročník|  |
 []


Overfull \hbox (6.8172pt too wide) in paragraph at lines 3360--3360
[]|\TU/EBGaramond(0)/b/n/10.95 Vítězný |
 []

[89] [90] [91]
Underfull \vbox (badness 4120) has occurred while \output is active []

 [92]
Overfull \hbox (3.49065pt too wide) in paragraph at lines 3542--3545
[]\TU/EBGaramond(0)/m/n/10.95 V srpnu 2003 nečekaně umírá v necelých 45 letech starosta Josef Žáček, agendu|
 []

[93]
Underfull \vbox (badness 10000) has occurred while \output is active []

 [94]
Overfull \hbox (2.47557pt too wide) in alignment at lines 3629--3631
[] [] [] [] 
 []


Overfull \hbox (2.47557pt too wide) in alignment at lines 3631--3666
[] [] [] [] 
 []

[95]
Underfull \hbox (badness 10000) in paragraph at lines 3680--3680
[]|\TU/EBGaramond(0)/b/n/10.95 Rok
 []


Overfull \hbox (28.70193pt too wide) in alignment at lines 3678--3682
[] [] [] [] [] 
 []


Overfull \hbox (28.70193pt too wide) in alignment at lines 3682--3758
[] [] [] [] [] 
 []

[96] [97] [98]

LaTeX Warning: `!h' float specifier changed to `!ht'.

[99] [100] [101

] [102


]
Overfull \hbox (6.6187pt too wide) in paragraph at lines 3898--3925
[]\TU/EBGaramond(0)/m/n/10.95 Dalšími viditelnými osobami jsou náčelník a náčelnice. U děvčat to byla dlouho|
 []


Underfull \vbox (badness 10000) has occurred while \output is active []

 [103]
Underfull \vbox (badness 10000) has occurred while \output is active []

 [104]
Overfull \hbox (3.51791pt too wide) in paragraph at lines 3960--3977
\TU/EBGaramond(0)/m/n/10.95 Pro provoz jednoty jsou kromě lidí nutné i peníze. Nejprve nakousnu téma grantů.|
 []

[105]
Underfull \hbox (badness 2644) in paragraph at lines 4006--4020
\TU/EBGaramond(0)/m/n/10.95 videozáznamy díky nadšení a práci
 []


Underfull \vbox (badness 10000) has occurred while \output is active []

 [106] [107]

LaTeX Warning: `h' float specifier changed to `ht'.


LaTeX Warning: `h' float specifier changed to `ht'.


LaTeX Warning: `h' float specifier changed to `ht'.


LaTeX Warning: `h' float specifier changed to `ht'.

[108] [109] [110]
Underfull \hbox (badness 3333) in paragraph at lines 4131--4141
\TU/EBGaramond(0)/m/n/10.95 domě na závodu o Pohár starostů
 []


Underfull \hbox (badness 2662) in paragraph at lines 4131--4141
\TU/EBGaramond(0)/m/n/10.95 nastice mužů s názvem „   Memoriál
 []


Underfull \vbox (badness 10000) has occurred while \output is active []

 [111

]
Underfull \vbox (badness 10000) has occurred while \output is active []

 [112] [113]

LaTeX Warning: `h' float specifier changed to `ht'.

[114] [115]

LaTeX Warning: `h' float specifier changed to `ht'.

[116

] [117]

LaTeX Warning: `h' float specifier changed to `ht'.


Underfull \vbox (badness 10000) has occurred while \output is active []

 [118

]
Underfull \vbox (badness 10000) has occurred while \output is active []

 [119]
Overfull \hbox (2.85358pt too wide) in paragraph at lines 4410--4416
\TU/EBGaramond(0)/m/n/10.95 k celkové obnově klíčnictví. Dveře do šaten byly vybaveny samozamykacími zámky|
 []


Underfull \vbox (badness 10000) has occurred while \output is active []

 [120] [121] [122]
Overfull \hbox (9.0934pt too wide) in paragraph at lines 4502--4504
[]\TU/EBGaramond(0)/m/n/10.95 Umírá jedna z našich průkopnic cvičení rodičů s dětmi, bývalá cvičitelka Anička|
 []


Overfull \hbox (8.38898pt too wide) in paragraph at lines 4528--4531
[]\TU/EBGaramond(0)/m/n/10.95 Kromě toho, že v únoru nečekaně zemřel náš starosta Aleš Müller, také v březnu|
 []


Underfull \vbox (badness 4120) has occurred while \output is active []

 [123] [124

] [125]
Underfull \vbox (badness 10000) has occurred while \output is active []

 [126] [127] [128] [129] [130

]
Underfull \hbox (badness 3724) in paragraph at lines 4758--4762
[][]\TU/EBGaramond(0)/m/n/10.95 Věra cvičila naposledy na sletě
 []


Underfull \hbox (badness 2065) in paragraph at lines 4763--4770
\TU/EBGaramond(0)/m/n/10.95 ve kterých nám převyprávěla skoro
 []


Underfull \hbox (badness 1009) in paragraph at lines 4763--4770
\TU/EBGaramond(0)/m/n/10.95 před valnou hromadou Věra asi po
 []


Underfull \vbox (badness 10000) has occurred while \output is active []

 [131]
Underfull \hbox (badness 1968) in paragraph at lines 4774--4779
[]\TU/EBGaramond(0)/m/n/10.95 Milá Věro, rád bych Ti za nás
 []

[132] [133


] [134]
Overfull \hbox (3.29526pt too wide) in paragraph at lines 4900--4914
\TU/EBGaramond(0)/m/n/10.95 pravě těžkého nářadí nebo ohlídat děti u jednoduchého cvičení, např. házení míčů.|
 []


Underfull \vbox (badness 10000) has occurred while \output is active []

 [135]
Overfull \hbox (1.09067pt too wide) in paragraph at lines 4935--4945
\TU/EBGaramond(0)/m/n/10.95 čují ve cvičení stejně jako v minulém školním roce. Hned po prázdninách se ovšem|
 []


Overfull \hbox (4.20772pt too wide) in paragraph at lines 4935--4945
\TU/EBGaramond(0)/m/n/10.95 k „  tradičnějšímu“ uspořádání cvičebních hodin. Na programu bude zejména gym-|
 []


Underfull \vbox (badness 10000) has occurred while \output is active []

 [136]

LaTeX Warning: `!h' float specifier changed to `!ht'.

[137]
Underfull \vbox (badness 10000) has occurred while \output is active []

 [138]
Overfull \hbox (2.22412pt too wide) in paragraph at lines 5038--5046
[]\TU/EBGaramond(0)/m/n/10.95 Kromě této činnosti žijeme i kulturou, pravidelně chodíme na koncerty České|
 []


Underfull \vbox (badness 10000) has occurred while \output is active []

 [139] [140]
Overfull \hbox (1.79507pt too wide) in paragraph at lines 5141--5149
\TU/EBGaramond(0)/m/n/10.95 v oddíle odměňovány projevy strachu, bolesti, zženštilosti, nerozhodnosti, sprostá|
 []

[141

]
Overfull \hbox (0.86435pt too wide) in paragraph at lines 5154--5162
\TU/EBGaramond(0)/m/n/10.95 stupně se přidávali další, kteří buď u nás v jednotě vyrostli nebo přišli úplně zvenčí.|
 []


Underfull \vbox (badness 10000) has occurred while \output is active []

 [142] [143] [144]
Underfull \vbox (badness 10000) has occurred while \output is active []

 [145

]

LaTeX Warning: `h' float specifier changed to `ht'.


Underfull \vbox (badness 10000) has occurred while \output is active []

 [146]

LaTeX Warning: `h' float specifier changed to `ht'.


Overfull \hbox (5.4889pt too wide) in paragraph at lines 5377--5397
\TU/EBGaramond(0)/m/n/10.95 ešusem). Začali jsme si skládat vlastní písničky. Dvorním textařem byl Kája a hudbu|
 []


Underfull \vbox (badness 4217) has occurred while \output is active []

 [147]

LaTeX Warning: `h' float specifier changed to `ht'.

[148] [149]

LaTeX Warning: `h' float specifier changed to `ht'.


Underfull \vbox (badness 10000) has occurred while \output is active []

 [150]
Underfull \vbox (badness 10000) has occurred while \output is active []

 [151]

LaTeX Warning: `h' float specifier changed to `ht'.


Underfull \vbox (badness 10000) has occurred while \output is active []

 [152]
Overfull \hbox (1.74896pt too wide) in paragraph at lines 5580--5581
[]|\TU/EBGaramond(0)/b/n/10.95 Táborová/celoroční |
 []


Overfull \hbox (42.92831pt too wide) in alignment at lines 5578--5582
[] [] [] [] [] 
 []


Overfull \hbox (42.92831pt too wide) in alignment at lines 5582--5628
[] [] [] [] [] 
 []

[153] [154] [155]
Underfull \vbox (badness 1303) has occurred while \output is active []

 [156]
Overfull \hbox (2.21115pt too wide) in paragraph at lines 5668--5681
\TU/EBGaramond(0)/m/n/10.95 (2017–dosud), Matěj Krása (2018–2020), Sekáček (2018–2019), Hrnda (2018), Gri-|
 []


Overfull \hbox (2.72217pt too wide) in paragraph at lines 5668--5681
\TU/EBGaramond(0)/m/n/10.95 pen (2022–dosud), Apač (2022), Jesse (2022), Padák (2024), Jakub Zdeněk (2024). |
 []

[157]

LaTeX Warning: `h' float specifier changed to `ht'.


LaTeX Warning: `!h' float specifier changed to `!ht'.


LaTeX Warning: `!h' float specifier changed to `!ht'.


Underfull \vbox (badness 10000) has occurred while \output is active []

 [158]

LaTeX Warning: Text page 159 contains only floats.

[159]
Underfull \vbox (badness 1033) has occurred while \output is active []

 [160] [161]
Underfull \vbox (badness 10000) has occurred while \output is active []

 [162] [163]
Underfull \vbox (badness 10000) has occurred while \output is active []

 [164]
Overfull \hbox (4.2844pt too wide) in paragraph at lines 5996--6020
\TU/EBGaramond(0)/m/n/10.95 školy Na Balabence. Studánku původně tvořily 4 oddíly, které měly schůzky v pon-|
 []

[165] [166]
Overfull \hbox (0.33508pt too wide) in paragraph at lines 6073--6088
\TU/EBGaramond(0)/m/n/10.95 Současný oddíl basketbalu mužů vzešel z části žákovského a dorosteneckého týmu|
 []

[167

]
Overfull \hbox (1.84448pt too wide) in paragraph at lines 6144--6148
[]\TU/EBGaramond(0)/m/n/10.95 Skipping Boys na počátku vyrostli z našich dorostenců. Jsou nejstarší a nejdéle|
 []


Underfull \vbox (badness 4673) has occurred while \output is active []

 [168] [169] [170

] [171]
Overfull \hbox (0.38083pt too wide) in paragraph at lines 6286--6298
[]\TU/EBGaramond(0)/m/n/10.95 Po různém obhlížení jiných loutkových divadel, které zpravidla přinášelo smí-|
 []


Underfull \vbox (badness 3333) has occurred while \output is active []

 [172

] [173]

LaTeX Warning: `h' float specifier changed to `ht'.

[174

] [175] [176

] [177

] [178]
Overfull \hbox (0.68549pt too wide) in paragraph at lines 6498--6504
\TU/EBGaramond(0)/m/n/10.95 Děkujeme všem autorům, kteří poskytli své příspěvky do tohoto almanachu. Jme-|
 []

[179


] [180

] [181

]
Overfull \hbox (1.739pt too wide) in paragraph at lines 6589--6609
[] |
 []

[182

]
Overfull \hbox (9.6542pt too wide) in paragraph at lines 6684--6699
[] |
 []

[1

] [2] [3

] [4

] (./almanach-2024.aux)
 ***********
LaTeX2e <2023-11-01> patch level 1
L3 programming layer <2024-02-20>
 ***********
 ) 
Here is how much of TeX's memory you used:
 20772 strings out of 476744
 456845 string characters out of 5802573
 1992839 words of memory out of 5000000
 42322 multiletter control sequences out of 15000+600000
 561186 words of font info for 80 fonts, out of 8000000 for 9000
 33 hyphenation exceptions out of 8191
 102i,8n,117p,1602b,597s stack positions out of 10000i,1000n,20000p,200000b,200000s

Output written on almanach-2024.xdv (194 pages, 3340748 bytes).
